<?xml version="1.0" encoding="UTF-8"?>
<testsuite xmlns:xsi="http://www.w3.org/2001/XMLSchema-instance" xsi:noNamespaceSchemaLocation="https://maven.apache.org/surefire/maven-surefire-plugin/xsd/surefire-test-report.xsd" name="in.sri.httpLoginTest.TestHttpLogin" time="0.183" tests="3" errors="3" skipped="0" failures="0">
  <properties>
    <property name="java.specification.version" value="17"/>
    <property name="sun.cpu.isalist" value="amd64"/>
    <property name="sun.jnu.encoding" value="Cp1252"/>
    <property name="java.class.path" value="C:\Users\ajay kumar\Downloads\Junit\29-09-2023\HttpLogin\target\test-classes;C:\Users\ajay kumar\Downloads\Junit\29-09-2023\HttpLogin\target\classes;C:\Users\ajay kumar\.m2\repository\junit\junit\4.11\junit-4.11.jar;C:\Users\ajay kumar\.m2\repository\org\hamcrest\hamcrest-core\1.3\hamcrest-core-1.3.jar;C:\Users\ajay kumar\.m2\repository\org\junit\jupiter\junit-jupiter-api\5.7.0\junit-jupiter-api-5.7.0.jar;C:\Users\ajay kumar\.m2\repository\org\apiguardian\apiguardian-api\1.1.0\apiguardian-api-1.1.0.jar;C:\Users\ajay kumar\.m2\repository\org\opentest4j\opentest4j\1.2.0\opentest4j-1.2.0.jar;C:\Users\ajay kumar\.m2\repository\org\junit\platform\junit-platform-commons\1.7.0\junit-platform-commons-1.7.0.jar;C:\Users\ajay kumar\.m2\repository\org\junit\jupiter\junit-jupiter-engine\5.7.0\junit-jupiter-engine-5.7.0.jar;C:\Users\ajay kumar\.m2\repository\org\junit\platform\junit-platform-engine\1.7.0\junit-platform-engine-1.7.0.jar;C:\Users\ajay kumar\.m2\repository\org\httpunit\httpunit\1.7.3\httpunit-1.7.3.jar;C:\Users\ajay kumar\.m2\repository\rhino\js\1.6R5\js-1.6R5.jar;C:\Users\ajay kumar\.m2\repository\nekohtml\nekohtml\0.9.5\nekohtml-0.9.5.jar;C:\Users\ajay kumar\.m2\repository\javax\servlet\servlet-api\2.4\servlet-api-2.4.jar;C:\Users\ajay kumar\.m2\repository\net\sf\jtidy\jtidy\r938\jtidy-r938.jar;C:\Users\ajay kumar\.m2\repository\xerces\xercesImpl\2.6.1\xercesImpl-2.6.1.jar;C:\Users\ajay kumar\.m2\repository\xerces\xmlParserAPIs\2.6.1\xmlParserAPIs-2.6.1.jar;C:\Users\ajay kumar\.m2\repository\javax\servlet\javax.servlet-api\4.0.1\javax.servlet-api-4.0.1.jar;"/>
    <property name="java.vm.vendor" value="Eclipse Adoptium"/>
    <property name="sun.arch.data.model" value="64"/>
    <property name="user.variant" value=""/>
    <property name="java.vendor.url" value="https://adoptium.net/"/>
    <property name="user.timezone" value="Asia/Calcutta"/>
    <property name="os.name" value="Windows 11"/>
    <property name="java.vm.specification.version" value="17"/>
    <property name="sun.java.launcher" value="SUN_STANDARD"/>
    <property name="user.country" value="IN"/>
    <property name="sun.boot.library.path" value="C:\Users\ajay kumar\.p2\pool\plugins\org.eclipse.justj.openjdk.hotspot.jre.full.win32.x86_64_17.0.7.v20230425-1502\jre\bin"/>
    <property name="sun.java.command" value="C:\Temp\surefire8966379814662709564\surefirebooter11539838619220881375.jar C:\Temp\surefire8966379814662709564 2023-10-01T23-54-48_956-jvmRun1 surefire4766178531852774552tmp surefire_012624281702128960139tmp"/>
    <property name="jdk.debug" value="release"/>
    <property name="surefire.test.class.path" value="C:\Users\ajay kumar\Downloads\Junit\29-09-2023\HttpLogin\target\test-classes;C:\Users\ajay kumar\Downloads\Junit\29-09-2023\HttpLogin\target\classes;C:\Users\ajay kumar\.m2\repository\junit\junit\4.11\junit-4.11.jar;C:\Users\ajay kumar\.m2\repository\org\hamcrest\hamcrest-core\1.3\hamcrest-core-1.3.jar;C:\Users\ajay kumar\.m2\repository\org\junit\jupiter\junit-jupiter-api\5.7.0\junit-jupiter-api-5.7.0.jar;C:\Users\ajay kumar\.m2\repository\org\apiguardian\apiguardian-api\1.1.0\apiguardian-api-1.1.0.jar;C:\Users\ajay kumar\.m2\repository\org\opentest4j\opentest4j\1.2.0\opentest4j-1.2.0.jar;C:\Users\ajay kumar\.m2\repository\org\junit\platform\junit-platform-commons\1.7.0\junit-platform-commons-1.7.0.jar;C:\Users\ajay kumar\.m2\repository\org\junit\jupiter\junit-jupiter-engine\5.7.0\junit-jupiter-engine-5.7.0.jar;C:\Users\ajay kumar\.m2\repository\org\junit\platform\junit-platform-engine\1.7.0\junit-platform-engine-1.7.0.jar;C:\Users\ajay kumar\.m2\repository\org\httpunit\httpunit\1.7.3\httpunit-1.7.3.jar;C:\Users\ajay kumar\.m2\repository\rhino\js\1.6R5\js-1.6R5.jar;C:\Users\ajay kumar\.m2\repository\nekohtml\nekohtml\0.9.5\nekohtml-0.9.5.jar;C:\Users\ajay kumar\.m2\repository\javax\servlet\servlet-api\2.4\servlet-api-2.4.jar;C:\Users\ajay kumar\.m2\repository\net\sf\jtidy\jtidy\r938\jtidy-r938.jar;C:\Users\ajay kumar\.m2\repository\xerces\xercesImpl\2.6.1\xercesImpl-2.6.1.jar;C:\Users\ajay kumar\.m2\repository\xerces\xmlParserAPIs\2.6.1\xmlParserAPIs-2.6.1.jar;C:\Users\ajay kumar\.m2\repository\javax\servlet\javax.servlet-api\4.0.1\javax.servlet-api-4.0.1.jar;"/>
    <property name="sun.cpu.endian" value="little"/>
    <property name="user.home" value="C:\Users\ajay kumar"/>
    <property name="user.language" value="en"/>
    <property name="java.specification.vendor" value="Oracle Corporation"/>
    <property name="java.version.date" value="2023-04-18"/>
    <property name="java.home" value="C:\Users\ajay kumar\.p2\pool\plugins\org.eclipse.justj.openjdk.hotspot.jre.full.win32.x86_64_17.0.7.v20230425-1502\jre"/>
    <property name="file.separator" value="\"/>
    <property name="style.color" value="always"/>
    <property name="basedir" value="C:\Users\ajay kumar\Downloads\Junit\29-09-2023\HttpLogin"/>
    <property name="java.vm.compressedOopsMode" value="32-bit"/>
    <property name="line.separator" value="&#10;"/>
    <property name="java.vm.specification.vendor" value="Oracle Corporation"/>
    <property name="java.specification.name" value="Java Platform API Specification"/>
    <property name="surefire.real.class.path" value="C:\Temp\surefire8966379814662709564\surefirebooter11539838619220881375.jar"/>
    <property name="user.script" value=""/>
    <property name="sun.management.compiler" value="HotSpot 64-Bit Tiered Compilers"/>
    <property name="java.runtime.version" value="17.0.7+7"/>
    <property name="user.name" value="ajay kumar"/>
    <property name="path.separator" value=";"/>
    <property name="os.version" value="10.0"/>
    <property name="java.runtime.name" value="OpenJDK Runtime Environment"/>
    <property name="file.encoding" value="Cp1252"/>
    <property name="java.vm.name" value="OpenJDK 64-Bit Server VM"/>
    <property name="java.vendor.version" value="Temurin-17.0.7+7"/>
    <property name="localRepository" value="C:\Users\ajay kumar\.m2\repository"/>
    <property name="java.vendor.url.bug" value="https://github.com/adoptium/adoptium-support/issues"/>
    <property name="java.io.tmpdir" value="C:\Temp\"/>
    <property name="java.version" value="17.0.7"/>
    <property name="user.dir" value="C:\Users\ajay kumar\Downloads\Junit\29-09-2023\HttpLogin"/>
    <property name="os.arch" value="amd64"/>
    <property name="java.vm.specification.name" value="Java Virtual Machine Specification"/>
    <property name="sun.os.patch.level" value=""/>
    <property name="native.encoding" value="Cp1252"/>
    <property name="java.library.path" value="C:\Users\ajay kumar\.p2\pool\plugins\org.eclipse.justj.openjdk.hotspot.jre.full.win32.x86_64_17.0.7.v20230425-1502\jre\bin;C:\WINDOWS\Sun\Java\bin;C:\WINDOWS\system32;C:\WINDOWS;C:/Users/ajay kumar/.p2/pool/plugins/org.eclipse.justj.openjdk.hotspot.jre.full.win32.x86_64_17.0.7.v20230425-1502/jre/bin/server;C:/Users/ajay kumar/.p2/pool/plugins/org.eclipse.justj.openjdk.hotspot.jre.full.win32.x86_64_17.0.7.v20230425-1502/jre/bin;C:\Program Files\Microsoft MPI\Bin\;C:\Program Files\Java\jdk-11\bin;C:\Program Files\Java\jdk-17\bin;C:\Program Files\Common Files\Oracle\Java\javapath;C:\WINDOWS\system32;C:\WINDOWS;C:\WINDOWS\System32\Wbem;C:\WINDOWS\System32\WindowsPowerShell\v1.0\;C:\WINDOWS\System32\OpenSSH\;C:\Program Files\Git\cmd;C:\Program Files (x86)\Microsoft SQL Server\160\Tools\Binn\;C:\Program Files\Microsoft SQL Server\160\Tools\Binn\;C:\Program Files\Microsoft SQL Server\Client SDK\ODBC\170\Tools\Binn\;C:\Program Files\Microsoft SQL Server\160\DTS\Binn\;C:\Program Files (x86)\Microsoft SQL Server\160\DTS\Binn\;C:\Program Files\Azure Data Studio\bin;C:\Program Files\Java\jdk-11\bin;C:\Program Files (x86)\Java\jdk1.8.0_202\bin;C:\Users\ajay kumar\AppData\Local\Microsoft\WindowsApps;C:\Users\ajay kumar\AppData\Local\Programs\Microsoft VS Code\bin;C:\Program Files\Azure Data Studio\bin;;C:\Users\ajay kumar\Desktop;;."/>
    <property name="java.vm.info" value="mixed mode"/>
    <property name="java.vendor" value="Eclipse Adoptium"/>
    <property name="java.vm.version" value="17.0.7+7"/>
    <property name="sun.io.unicode.encoding" value="UnicodeLittle"/>
    <property name="java.class.version" value="61.0"/>
  </properties>
  <testcase name="testWithInvalidCredentials" classname="in.sri.httpLoginTest.TestHttpLogin" time="0.05">
    <error message="Connection refused: connect" type="java.net.ConnectException">java.net.ConnectException: Connection refused: connect
	at in.sri.httpLoginTest.TestHttpLogin.testWithInvalidCredentials(TestHttpLogin.java:58)
Caused by: java.net.ConnectException: Connection refused: connect
	at in.sri.httpLoginTest.TestHttpLogin.testWithInvalidCredentials(TestHttpLogin.java:58)
</error>
    <system-out><![CDATA[LoginTest.testWithInvalidCredentials()
]]></system-out>
  </testcase>
  <testcase name="testWithNoInputs" classname="in.sri.httpLoginTest.TestHttpLogin" time="0.001">
    <error message="Connection refused: connect" type="java.net.ConnectException">java.net.ConnectException: Connection refused: connect
	at in.sri.httpLoginTest.TestHttpLogin.testWithNoInputs(TestHttpLogin.java:85)
Caused by: java.net.ConnectException: Connection refused: connect
	at in.sri.httpLoginTest.TestHttpLogin.testWithNoInputs(TestHttpLogin.java:85)
</error>
    <system-out><![CDATA[LoginTest.testWithNoInputs()
]]></system-out>
  </testcase>
  <testcase name="testWithValidCredentials" classname="in.sri.httpLoginTest.TestHttpLogin" time="0.002">
    <error message="Connection refused: connect" type="java.net.ConnectException">java.net.ConnectException: Connection refused: connect
	at in.sri.httpLoginTest.TestHttpLogin.testWithValidCredentials(TestHttpLogin.java:32)
Caused by: java.net.ConnectException: Connection refused: connect
	at in.sri.httpLoginTest.TestHttpLogin.testWithValidCredentials(TestHttpLogin.java:32)
</error>
    <system-out><![CDATA[LoginTest.testWithValidCredentials()
]]></system-out>
  </testcase>
</testsuite>